<?xml version="1.0" encoding="utf-8"?><testsuites name="pytest tests"><testsuite name="pytest" errors="0" failures="0" skipped="0" tests="19" time="25.482" timestamp="2026-05-04T13:15:40.527231+00:00" hostname="agent-env-e3cb7a98-9974-4083-9458-c871d86eb45d"><testcase classname="tests.test_backend.TestHealth" name="test_health" time="0.166" /><testcase classname="tests.test_backend.TestAuth" name="test_admin_login_returns_super_admin" time="0.339" /><testcase classname="tests.test_backend.TestAuth" name="test_register_and_me" time="0.421" /><testcase classname="tests.test_backend.TestAuth" name="test_register_duplicate_fails" time="0.478" /><testcase classname="tests.test_backend.TestAuth" name="test_login_invalid" time="0.122" /><testcase classname="tests.test_backend.TestAuth" name="test_logout_clears_cookies" time="0.489" /><testcase classname="tests.test_backend.TestAuth" name="test_me_unauth" time="0.136" /><testcase classname="tests.test_backend.TestProjects" name="test_client_creates_project_and_lists_mine" time="0.495" /><testcase classname="tests.test_backend.TestProjects" name="test_admin_lists_all_projects" time="0.403" /><testcase classname="tests.test_backend.TestProjects" name="test_client_forbidden_admin_endpoint" time="0.057" /><testcase classname="tests.test_backend.TestProjects" name="test_admin_updates_status_creates_notification" time="0.233" /><testcase classname="tests.test_backend.TestAdmin" name="test_analytics" time="0.057" /><testcase classname="tests.test_backend.TestAdmin" name="test_feature_flags_list_and_toggle" time="0.107" /><testcase classname="tests.test_backend.TestAdmin" name="test_admin_users_list" time="0.051" /><testcase classname="tests.test_backend.TestChatbot" name="test_chat_message_returns_reply" time="7.203" /><testcase classname="tests.test_backend.TestChatbot" name="test_admin_generates_proposal" time="14.383" /><testcase classname="tests.test_backend.TestNotificationsAndContact" name="test_notifications_mine" time="0.061" /><testcase classname="tests.test_backend.TestNotificationsAndContact" name="test_contact_form_public" time="0.126" /><testcase classname="tests.test_backend.TestNotificationsAndContact" name="test_public_feature_flags" time="0.108" /></testsuite></testsuites>